# JRE version: OpenJDK Runtime Environment Temurin-21.0.8+9 (21.0.8+9) (build 21.0.8+9-LTS)
# Java VM: OpenJDK 64-Bit Server VM Temurin-21.0.8+9 (21.0.8+9-LTS, mixed mode, tiered, compressed oops, compressed class ptrs, g1 gc, linux-amd64)
GC Precious Log:
 CardTable entry size: 512
 Card Set container configuration: InlinePtr #cards 5 size 8 Array Of Cards #cards 12 size 40 Howl #buckets 4 coarsen threshold 1843 Howl Bitmap #cards 512 size 80 coarsen threshold 460 Card regions per heap region 1 cards per card region 2048
 CPUs: 16 total, 16 available
 Memory: 15403M
 Large Page Support: Disabled
 NUMA Support: Disabled
 Compressed Oops: Enabled (32-bit)
 Heap Region Size: 1M
 Heap Min Capacity: 64M
 Heap Initial Capacity: 64M
 Heap Max Capacity: 1G
 Pre-touch: Disabled
 Parallel Workers: 13
 Concurrent Workers: 3
 Concurrent Refinement Workers: 13
 Periodic GC: Disabled
Heap:
 garbage-first heap   total 104448K, used 66778K [0x00000000c0000000, 0x0000000100000000)
  region size 1024K, 17 young (17408K), 1 survivors (1024K)
 Metaspace       used 104267K, committed 106240K, reserved 1179648K
  class space    used 12459K, committed 13440K, reserved 1048576K
GC Heap History (20 events):
Event: 164271,757 GC heap before
{Heap before GC invocations=501 (full 0):
 garbage-first heap   total 104448K, used 96025K [0x00000000c0000000, 0x0000000100000000)
  region size 1024K, 45 young (46080K), 1 survivors (1024K)
 Metaspace       used 103599K, committed 105984K, reserved 1179648K
  class space    used 12362K, committed 13440K, reserved 1048576K
}
Event: 164271,759 GC heap after
{Heap after GC invocations=502 (full 0):
 garbage-first heap   total 104448K, used 50957K [0x00000000c0000000, 0x0000000100000000)
  region size 1024K, 1 young (1024K), 1 survivors (1024K)
 Metaspace       used 103599K, committed 105984K, reserved 1179648K
  class space    used 12362K, committed 13440K, reserved 1048576K
}
Event: 165022,152 GC heap before
{Heap before GC invocations=503 (full 0):
 garbage-first heap   total 104448K, used 96013K [0x00000000c0000000, 0x0000000100000000)
  region size 1024K, 45 young (46080K), 1 survivors (1024K)
 Metaspace       used 103599K, committed 105984K, reserved 1179648K
  class space    used 12362K, committed 13440K, reserved 1048576K
}
Event: 165022,153 GC heap after
{Heap after GC invocations=504 (full 0):
 garbage-first heap   total 104448K, used 50969K [0x00000000c0000000, 0x0000000100000000)
  region size 1024K, 1 young (1024K), 1 survivors (1024K)
 Metaspace       used 103599K, committed 105984K, reserved 1179648K
  class space    used 12362K, committed 13440K, reserved 1048576K
}
Event: 165771,462 GC heap before
{Heap before GC invocations=504 (full 0):
 garbage-first heap   total 104448K, used 96025K [0x00000000c0000000, 0x0000000100000000)
  region size 1024K, 45 young (46080K), 1 survivors (1024K)
 Metaspace       used 103599K, committed 105984K, reserved 1179648K
  class space    used 12362K, committed 13440K, reserved 1048576K
}
Event: 165771,464 GC heap after
{Heap after GC invocations=505 (full 0):
 garbage-first heap   total 104448K, used 50967K [0x00000000c0000000, 0x0000000100000000)
  region size 1024K, 1 young (1024K), 1 survivors (1024K)
 Metaspace       used 103599K, committed 105984K, reserved 1179648K
  class space    used 12362K, committed 13440K, reserved 1048576K
}
Event: 166522,760 GC heap before
{Heap before GC invocations=506 (full 0):
 garbage-first heap   total 104448K, used 96023K [0x00000000c0000000, 0x0000000100000000)
  region size 1024K, 45 young (46080K), 1 survivors (1024K)
 Metaspace       used 103599K, committed 105984K, reserved 1179648K
  class space    used 12362K, committed 13440K, reserved 1048576K
}
Event: 166522,761 GC heap after
{Heap after GC invocations=507 (full 0):
 garbage-first heap   total 104448K, used 50969K [0x00000000c0000000, 0x0000000100000000)
  region size 1024K, 1 young (1024K), 1 survivors (1024K)
 Metaspace       used 103599K, committed 105984K, reserved 1179648K
  class space    used 12362K, committed 13440K, reserved 1048576K
}
Event: 167276,534 GC heap before
{Heap before GC invocations=507 (full 0):
 garbage-first heap   total 104448K, used 96025K [0x00000000c0000000, 0x0000000100000000)
  region size 1024K, 45 young (46080K), 1 survivors (1024K)
 Metaspace       used 103599K, committed 105984K, reserved 1179648K
  class space    used 12362K, committed 13440K, reserved 1048576K
}
Event: 167276,535 GC heap after
{Heap after GC invocations=508 (full 0):
 garbage-first heap   total 104448K, used 50969K [0x00000000c0000000, 0x0000000100000000)
  region size 1024K, 1 young (1024K), 1 survivors (1024K)
 Metaspace       used 103599K, committed 105984K, reserved 1179648K
  class space    used 12362K, committed 13440K, reserved 1048576K
}
Event: 168029,514 GC heap before
{Heap before GC invocations=509 (full 0):
 garbage-first heap   total 104448K, used 96025K [0x00000000c0000000, 0x0000000100000000)
  region size 1024K, 45 young (46080K), 1 survivors (1024K)
 Metaspace       used 103599K, committed 105984K, reserved 1179648K
  class space    used 12362K, committed 13440K, reserved 1048576K
}
Event: 168029,515 GC heap after
{Heap after GC invocations=510 (full 0):
 garbage-first heap   total 104448K, used 50969K [0x00000000c0000000, 0x0000000100000000)
  region size 1024K, 1 young (1024K), 1 survivors (1024K)
 Metaspace       used 103599K, committed 105984K, reserved 1179648K
  class space    used 12362K, committed 13440K, reserved 1048576K
}
Event: 168780,792 GC heap before
{Heap before GC invocations=510 (full 0):
 garbage-first heap   total 104448K, used 96025K [0x00000000c0000000, 0x0000000100000000)
  region size 1024K, 45 young (46080K), 1 survivors (1024K)
 Metaspace       used 103599K, committed 105984K, reserved 1179648K
  class space    used 12362K, committed 13440K, reserved 1048576K
}
Event: 168780,794 GC heap after
{Heap after GC invocations=511 (full 0):
 garbage-first heap   total 104448K, used 50967K [0x00000000c0000000, 0x0000000100000000)
  region size 1024K, 1 young (1024K), 1 survivors (1024K)
 Metaspace       used 103599K, committed 105984K, reserved 1179648K
  class space    used 12362K, committed 13440K, reserved 1048576K
}
Event: 169531,764 GC heap before
{Heap before GC invocations=512 (full 0):
 garbage-first heap   total 104448K, used 96023K [0x00000000c0000000, 0x0000000100000000)
  region size 1024K, 45 young (46080K), 1 survivors (1024K)
 Metaspace       used 103599K, committed 105984K, reserved 1179648K
  class space    used 12362K, committed 13440K, reserved 1048576K
}
Event: 169531,768 GC heap after
{Heap after GC invocations=513 (full 0):
 garbage-first heap   total 104448K, used 50969K [0x00000000c0000000, 0x0000000100000000)
  region size 1024K, 1 young (1024K), 1 survivors (1024K)
 Metaspace       used 103599K, committed 105984K, reserved 1179648K
  class space    used 12362K, committed 13440K, reserved 1048576K
}
Event: 170282,382 GC heap before
{Heap before GC invocations=513 (full 0):
 garbage-first heap   total 104448K, used 96025K [0x00000000c0000000, 0x0000000100000000)
  region size 1024K, 45 young (46080K), 1 survivors (1024K)
 Metaspace       used 103599K, committed 105984K, reserved 1179648K
  class space    used 12362K, committed 13440K, reserved 1048576K
}
Event: 170282,383 GC heap after
{Heap after GC invocations=514 (full 0):
 garbage-first heap   total 104448K, used 50975K [0x00000000c0000000, 0x0000000100000000)
  region size 1024K, 1 young (1024K), 1 survivors (1024K)
 Metaspace       used 103599K, committed 105984K, reserved 1179648K
  class space    used 12362K, committed 13440K, reserved 1048576K
}
Event: 170725,977 GC heap before
{Heap before GC invocations=515 (full 0):
 garbage-first heap   total 104448K, used 96031K [0x00000000c0000000, 0x0000000100000000)
  region size 1024K, 45 young (46080K), 1 survivors (1024K)
 Metaspace       used 103921K, committed 106048K, reserved 1179648K
  class space    used 12409K, committed 13440K, reserved 1048576K
}
Event: 170725,982 GC heap after
{Heap after GC invocations=516 (full 0):
 garbage-first heap   total 104448K, used 51418K [0x00000000c0000000, 0x0000000100000000)
  region size 1024K, 1 young (1024K), 1 survivors (1024K)
 Metaspace       used 103921K, committed 106048K, reserved 1179648K
  class space    used 12409K, committed 13440K, reserved 1048576K
}

